AqualinkD serial_logger V1.3
Debug:   RS Serial: Openeded serial port /dev/ttyUSB1
Debug:   RS Serial: Set serial port /dev/ttyUSB1 to non blocking mode
Debug:   RS Serial: Set serial port /dev/ttyUSB1 io attributes
Notice:  RS Serial: Logging serial information!

Jandy     To 0x40 of type            Probe | HEX: 0x10|0x02|0x40|0x00|0x52|0x10|0x03|

Jandy     To 0x60 of type            Probe | HEX: 0x10|0x02|0x60|0x00|0x72|0x10|0x03|

Jandy     To 0x81 of type            Probe | HEX: 0x10|0x02|0x81|0x00|0x93|0x10|0x03|

Jandy     To 0x41 of type            Probe | HEX: 0x10|0x02|0x41|0x00|0x53|0x10|0x03|

Jandy     To 0x60 of type            Probe | HEX: 0x10|0x02|0x60|0x00|0x72|0x10|0x03|

Jandy     To 0x42 of type            Probe | HEX: 0x10|0x02|0x42|0x00|0x54|0x10|0x03|

Jandy     To 0x60 of type            Probe | HEX: 0x10|0x02|0x60|0x00|0x72|0x10|0x03|

Jandy     To 0x43 of type            Probe | HEX: 0x10|0x02|0x43|0x00|0x55|0x10|0x03|

Jandy     To 0x60 of type            Probe | HEX: 0x10|0x02|0x60|0x00|0x72|0x10|0x03|

Jandy     To 0x80 of type            Probe | HEX: 0x10|0x02|0x80|0x00|0x92|0x10|0x03|

Jandy     To 0x10 of type            Probe | HEX: 0x10|0x02|0x10|0x00|0x22|0x10|0x03|

Jandy     To 0x60 of type            Probe | HEX: 0x10|0x02|0x60|0x00|0x72|0x10|0x03|

Jandy     To 0x18 of type            Probe | HEX: 0x10|0x02|0x18|0x00|0x2a|0x10|0x03|

Jandy     To 0x60 of type            Probe | HEX: 0x10|0x02|0x60|0x00|0x72|0x10|0x03|

Jandy     To 0x20 of type            Probe | HEX: 0x10|0x02|0x20|0x00|0x32|0x10|0x03|

Jandy     To 0x81 of type            Probe | HEX: 0x10|0x02|0x81|0x00|0x93|0x10|0x03|

Jandy     To 0x60 of type            Probe | HEX: 0x10|0x02|0x60|0x00|0x72|0x10|0x03|

Jandy     To 0x21 of type            Probe | HEX: 0x10|0x02|0x21|0x00|0x33|0x10|0x03|

Jandy     To 0x60 of type            Probe | HEX: 0x10|0x02|0x60|0x00|0x72|0x10|0x03|

Jandy     To 0x22 of type            Probe | HEX: 0x10|0x02|0x22|0x00|0x34|0x10|0x03|

Jandy     To 0x60 of type            Probe | HEX: 0x10|0x02|0x60|0x00|0x72|0x10|0x03|

Jandy     To 0x23 of type            Probe | HEX: 0x10|0x02|0x23|0x00|0x35|0x10|0x03|

Jandy     To 0x80 of type            Probe | HEX: 0x10|0x02|0x80|0x00|0x92|0x10|0x03|

Jandy     To 0x60 of type            Probe | HEX: 0x10|0x02|0x60|0x00|0x72|0x10|0x03|

Jandy     To 0x28 of type            Probe | HEX: 0x10|0x02|0x28|0x00|0x3a|0x10|0x03|

Jandy     To 0x60 of type            Probe | HEX: 0x10|0x02|0x60|0x00|0x72|0x10|0x03|

Jandy     To 0x29 of type            Probe | HEX: 0x10|0x02|0x29|0x00|0x3b|0x10|0x03|

Jandy     To 0x60 of type            Probe | HEX: 0x10|0x02|0x60|0x00|0x72|0x10|0x03|

Jandy     To 0x2a of type            Probe | HEX: 0x10|0x02|0x2a|0x00|0x3c|0x10|0x03|

Jandy     To 0x81 of type            Probe | HEX: 0x10|0x02|0x81|0x00|0x93|0x10|0x03|

Jandy     To 0x60 of type            Probe | HEX: 0x10|0x02|0x60|0x00|0x72|0x10|0x03|

Jandy     To 0x2b of type            Probe | HEX: 0x10|0x02|0x2b|0x00|0x3d|0x10|0x03|

Jandy     To 0x60 of type            Probe | HEX: 0x10|0x02|0x60|0x00|0x72|0x10|0x03|

Jandy     To 0x31 of type            Probe | HEX: 0x10|0x02|0x31|0x00|0x43|0x10|0x03|

Jandy     To 0x60 of type            Probe | HEX: 0x10|0x02|0x60|0x00|0x72|0x10|0x03|

Jandy     To 0x80 of type            Probe | HEX: 0x10|0x02|0x80|0x00|0x92|0x10|0x03|

Jandy     To 0x32 of type            Probe | HEX: 0x10|0x02|0x32|0x00|0x44|0x10|0x03|

Jandy     To 0x60 of type            Probe | HEX: 0x10|0x02|0x60|0x00|0x72|0x10|0x03|

Jandy     To 0x33 of type            Probe | HEX: 0x10|0x02|0x33|0x00|0x45|0x10|0x03|

Jandy     To 0x60 of type            Probe | HEX: 0x10|0x02|0x60|0x00|0x72|0x10|0x03|

Jandy     To 0x38 of type            Probe | HEX: 0x10|0x02|0x38|0x00|0x4a|0x10|0x03|

Jandy     To 0x60 of type            Probe | HEX: 0x10|0x02|0x60|0x00|0x72|0x10|0x03|

Jandy     To 0x81 of type            Probe | HEX: 0x10|0x02|0x81|0x00|0x93|0x10|0x03|

Jandy     To 0x39 of type            Probe | HEX: 0x10|0x02|0x39|0x00|0x4b|0x10|0x03|

Jandy     To 0x60 of type            Probe | HEX: 0x10|0x02|0x60|0x00|0x72|0x10|0x03|

Jandy     To 0x3a of type            Probe | HEX: 0x10|0x02|0x3a|0x00|0x4c|0x10|0x03|

Jandy     To 0x60 of type            Probe | HEX: 0x10|0x02|0x60|0x00|0x72|0x10|0x03|

Jandy     To 0x3b of type            Probe | HEX: 0x10|0x02|0x3b|0x00|0x4d|0x10|0x03|

Jandy     To 0x60 of type            Probe | HEX: 0x10|0x02|0x60|0x00|0x72|0x10|0x03|

Jandy     To 0x80 of type            Probe | HEX: 0x10|0x02|0x80|0x00|0x92|0x10|0x03|

Jandy     To 0x48 of type            Probe | HEX: 0x10|0x02|0x48|0x00|0x5a|0x10|0x03|

Jandy     To 0x60 of type            Probe | HEX: 0x10|0x02|0x60|0x00|0x72|0x10|0x03|

Jandy     To 0x58 of type            Probe | HEX: 0x10|0x02|0x58|0x00|0x6a|0x10|0x03|

Jandy     To 0x58 of type            Probe | HEX: 0x10|0x02|0x58|0x00|0x6a|0x10|0x03|

Jandy     To 0x60 of type            Probe | HEX: 0x10|0x02|0x60|0x00|0x72|0x10|0x03|

Jandy     To 0x58 of type          Message | HEX: 0x10|0x02|0x58|0x03|0x01|0x52|0x45|0x56|0x20|0x51|0x51|0x00|0x20|0x54|0x6f|0x75|0x63|0x68|0x00|0x33|0x00|0x73|0x10|0x03|  Message : REV QQ Touch3

Jandy     To 0x68 of type            Probe | HEX: 0x10|0x02|0x68|0x00|0x7a|0x10|0x03|

Jandy     To 0x58 of type            Probe | HEX: 0x10|0x02|0x58|0x00|0x6a|0x10|0x03|

Jandy     To 0x81 of type            Probe | HEX: 0x10|0x02|0x81|0x00|0x93|0x10|0x03|

Jandy     To 0x69 of type            Probe | HEX: 0x10|0x02|0x69|0x00|0x7b|0x10|0x03|

Jandy     To 0x58 of type          Message | HEX: 0x10|0x02|0x58|0x03|0x02|0x52|0x53|0x2d|0x36|0x20|0x43|0x6f|0x6d|0x62|0x6f|0x00|0x63|0x68|0x00|0x33|0x00|0x85|0x10|0x03|  Message : RS-6 Comboch3

Jandy     To 0x6a of type            Probe | HEX: 0x10|0x02|0x6a|0x00|0x7c|0x10|0x03|

Jandy     To 0x58 of type            Probe | HEX: 0x10|0x02|0x58|0x00|0x6a|0x10|0x03|

Jandy     To 0x6b of type            Probe | HEX: 0x10|0x02|0x6b|0x00|0x7d|0x10|0x03|

Jandy     To 0x58 of type            Probe | HEX: 0x10|0x02|0x58|0x00|0x6a|0x10|0x03|

Jandy     To 0x70 of type            Probe | HEX: 0x10|0x02|0x70|0x00|0x82|0x10|0x03|

Jandy     To 0x58 of type            Probe | HEX: 0x10|0x02|0x58|0x00|0x6a|0x10|0x03|

Jandy     To 0x71 of type            Probe | HEX: 0x10|0x02|0x71|0x00|0x83|0x10|0x03|

Jandy     To 0x58 of type            Probe | HEX: 0x10|0x02|0x58|0x00|0x6a|0x10|0x03|

Jandy     To 0x72 of type            Probe | HEX: 0x10|0x02|0x72|0x00|0x84|0x10|0x03|

Jandy     To 0x58 of type            Probe | HEX: 0x10|0x02|0x58|0x00|0x6a|0x10|0x03|

Jandy     To 0x80 of type            Probe | HEX: 0x10|0x02|0x80|0x00|0x92|0x10|0x03|

Jandy     To 0x73 of type            Probe | HEX: 0x10|0x02|0x73|0x00|0x85|0x10|0x03|

Jandy     To 0x58 of type            Probe | HEX: 0x10|0x02|0x58|0x00|0x6a|0x10|0x03|

Jandy     To 0x08 of type            Probe | HEX: 0x10|0x02|0x08|0x00|0x1a|0x10|0x03|

Jandy     To 0x58 of type            Probe | HEX: 0x10|0x02|0x58|0x00|0x6a|0x10|0x03|

Jandy     To 0x09 of type            Probe | HEX: 0x10|0x02|0x09|0x00|0x1b|0x10|0x03|

Jandy     To 0x58 of type            Probe | HEX: 0x10|0x02|0x58|0x00|0x6a|0x10|0x03|

Jandy     To 0x0a of type            Probe | HEX: 0x10|0x02|0x0a|0x00|0x1c|0x10|0x03|
Jandy   From 0x0a of type              Ack | HEX: 0x10|0x02|0x00|0x01|0x80|0x00|0x93|0x10|0x03|

Jandy     To 0x58 of type            Probe | HEX: 0x10|0x02|0x58|0x00|0x6a|0x10|0x03|

Jandy     To 0x0a of type           Status | HEX: 0x10|0x02|0x0a|0x02|0x40|0x11|0x00|0x40|0x00|0xaf|0x10|0x03|
Jandy   From 0x0a of type              Ack | HEX: 0x10|0x02|0x00|0x01|0x80|0x00|0x93|0x10|0x03|

Jandy     To 0x0a of type       PDA Hlight | HEX: 0x10|0x02|0x0a|0x08|0x00|0x19|0x79|0xb6|0x10|0x03|
Jandy   From 0x0a of type              Ack | HEX: 0x10|0x02|0x00|0x01|0x80|0x00|0x93|0x10|0x03|

Jandy     To 0x0a of type          Message | HEX: 0x10|0x02|0x0a|0x03|0x00|0x45|0x30|0x32|0x36|0x30|0x38|0x30|0x32|0x20|0x52|0x45|0x56|0x20|0x51|0x51|0x20|0xb5|0x10|0x03|  Message : E0260802 REV QQ 
Jandy   From 0x0a of type              Ack | HEX: 0x10|0x02|0x00|0x01|0x80|0x00|0x93|0x10|0x03|

Jandy     To 0x0b of type            Probe | HEX: 0x10|0x02|0x0b|0x00|0x1d|0x10|0x03|

Jandy     To 0x58 of type            Probe | HEX: 0x10|0x02|0x58|0x00|0x6a|0x10|0x03|

Jandy     To 0x0a of type           Status | HEX: 0x10|0x02|0x0a|0x02|0x40|0x11|0x00|0x40|0x00|0xaf|0x10|0x03|
Jandy   From 0x0a of type              Ack | HEX: 0x10|0x02|0x00|0x01|0x80|0x00|0x93|0x10|0x03|

Jandy     To 0x81 of type            Probe | HEX: 0x10|0x02|0x81|0x00|0x93|0x10|0x03|

Jandy     To 0x40 of type            Probe | HEX: 0x10|0x02|0x40|0x00|0x52|0x10|0x03|

Jandy     To 0x58 of type            Probe | HEX: 0x10|0x02|0x58|0x00|0x6a|0x10|0x03|

Jandy     To 0x0a of type           Status | HEX: 0x10|0x02|0x0a|0x02|0x40|0x11|0x00|0x40|0x00|0xaf|0x10|0x03|
Jandy   From 0x0a of type              Ack | HEX: 0x10|0x02|0x00|0x01|0x80|0x00|0x93|0x10|0x03|

Jandy     To 0x41 of type            Probe | HEX: 0x10|0x02|0x41|0x00|0x53|0x10|0x03|

Jandy     To 0x58 of type            Probe | HEX: 0x10|0x02|0x58|0x00|0x6a|0x10|0x03|

Jandy     To 0x0a of type           Status | HEX: 0x10|0x02|0x0a|0x02|0x40|0x11|0x00|0x40|0x00|0xaf|0x10|0x03|
Jandy   From 0x0a of type              Ack | HEX: 0x10|0x02|0x00|0x01|0x80|0x00|0x93|0x10|0x03|

Jandy     To 0x42 of type            Probe | HEX: 0x10|0x02|0x42|0x00|0x54|0x10|0x03|

Jandy     To 0x58 of type            Probe | HEX: 0x10|0x02|0x58|0x00|0x6a|0x10|0x03|

Jandy     To 0x0a of type           Status | HEX: 0x10|0x02|0x0a|0x02|0x40|0x11|0x00|0x40|0x00|0xaf|0x10|0x03|
Jandy   From 0x0a of type              Ack | HEX: 0x10|0x02|0x00|0x01|0x80|0x00|0x93|0x10|0x03|

Jandy     To 0x43 of type            Probe | HEX: 0x10|0x02|0x43|0x00|0x55|0x10|0x03|

Jandy     To 0x0a of type           Status | HEX: 0x10|0x02|0x0a|0x02|0x40|0x11|0x00|0x40|0x00|0xaf|0x10|0x03|
Jandy   From 0x0a of type              Ack | HEX: 0x10|0x02|0x00|0x01|0x80|0x00|0x93|0x10|0x03|

Jandy     To 0x80 of type            Probe | HEX: 0x10|0x02|0x80|0x00|0x92|0x10|0x03|

Jandy     To 0x60 of type            Probe | HEX: 0x10|0x02|0x60|0x00|0x72|0x10|0x03|

Jandy     To 0x0a of type           Status | HEX: 0x10|0x02|0x0a|0x02|0x40|0x11|0x00|0x40|0x00|0xaf|0x10|0x03|
Jandy   From 0x0a of type              Ack | HEX: 0x10|0x02|0x00|0x01|0x80|0x00|0x93|0x10|0x03|

Jandy     To 0x10 of type            Probe | HEX: 0x10|0x02|0x10|0x00|0x22|0x10|0x03|

Jandy     To 0x0a of type           Status | HEX: 0x10|0x02|0x0a|0x02|0x40|0x11|0x00|0x40|0x00|0xaf|0x10|0x03|
Jandy   From 0x0a of type              Ack | HEX: 0x10|0x02|0x00|0x01|0x80|0x00|0x93|0x10|0x03|

Jandy     To 0x60 of type            Probe | HEX: 0x10|0x02|0x60|0x00|0x72|0x10|0x03|

Jandy     To 0x0a of type           Status | HEX: 0x10|0x02|0x0a|0x02|0x40|0x11|0x00|0x40|0x00|0xaf|0x10|0x03|
Jandy   From 0x0a of type              Ack | HEX: 0x10|0x02|0x00|0x01|0x80|0x00|0x93|0x10|0x03|

Jandy     To 0x18 of type            Probe | HEX: 0x10|0x02|0x18|0x00|0x2a|0x10|0x03|

Jandy     To 0x0a of type           Status | HEX: 0x10|0x02|0x0a|0x02|0x40|0x11|0x00|0x40|0x00|0xaf|0x10|0x03|
Jandy   From 0x0a of type              Ack | HEX: 0x10|0x02|0x00|0x01|0x80|0x00|0x93|0x10|0x03|

Jandy     To 0x60 of type            Probe | HEX: 0x10|0x02|0x60|0x00|0x72|0x10|0x03|

Jandy     To 0x81 of type            Probe | HEX: 0x10|0x02|0x81|0x00|0x93|0x10|0x03|

Jandy     To 0x0a of type           Status | HEX: 0x10|0x02|0x0a|0x02|0x40|0x11|0x00|0x40|0x00|0xaf|0x10|0x03|
Jandy   From 0x0a of type              Ack | HEX: 0x10|0x02|0x00|0x01|0x80|0x00|0x93|0x10|0x03|

Jandy     To 0x0a of type          Message | HEX: 0x10|0x02|0x0a|0x03|0x00|0x20|0x20|0x20|0x20|0x38|0x3a|0x31|0x33|0x20|0x50|0x4d|0x20|0x20|0x20|0x20|0x20|0xd2|0x10|0x03|  Message :     8:13 PM     
Jandy   From 0x0a of type              Ack | HEX: 0x10|0x02|0x00|0x01|0x80|0x00|0x93|0x10|0x03|

Jandy     To 0x20 of type            Probe | HEX: 0x10|0x02|0x20|0x00|0x32|0x10|0x03|

Jandy     To 0x0a of type           Status | HEX: 0x10|0x02|0x0a|0x02|0x40|0x11|0x00|0x40|0x00|0xaf|0x10|0x03|
Jandy   From 0x0a of type              Ack | HEX: 0x10|0x02|0x00|0x01|0x80|0x00|0x93|0x10|0x03|

Jandy     To 0x60 of type            Probe | HEX: 0x10|0x02|0x60|0x00|0x72|0x10|0x03|

Jandy     To 0x0a of type           Status | HEX: 0x10|0x02|0x0a|0x02|0x40|0x11|0x00|0x40|0x00|0xaf|0x10|0x03|
Jandy   From 0x0a of type              Ack | HEX: 0x10|0x02|0x00|0x01|0x80|0x00|0x93|0x10|0x03|

Jandy     To 0x21 of type            Probe | HEX: 0x10|0x02|0x21|0x00|0x33|0x10|0x03|

Jandy     To 0x0a of type           Status | HEX: 0x10|0x02|0x0a|0x02|0x40|0x11|0x00|0x40|0x00|0xaf|0x10|0x03|
Jandy   From 0x0a of type              Ack | HEX: 0x10|0x02|0x00|0x01|0x80|0x00|0x93|0x10|0x03|

Jandy     To 0x60 of type            Probe | HEX: 0x10|0x02|0x60|0x00|0x72|0x10|0x03|

Jandy     To 0x80 of type            Probe | HEX: 0x10|0x02|0x80|0x00|0x92|0x10|0x03|

Jandy     To 0x0a of type           Status | HEX: 0x10|0x02|0x0a|0x02|0x40|0x11|0x00|0x40|0x00|0xaf|0x10|0x03|
Jandy   From 0x0a of type              Ack | HEX: 0x10|0x02|0x00|0x01|0x80|0x00|0x93|0x10|0x03|

Jandy     To 0x22 of type            Probe | HEX: 0x10|0x02|0x22|0x00|0x34|0x10|0x03|

Jandy     To 0x0a of type           Status | HEX: 0x10|0x02|0x0a|0x02|0x40|0x11|0x00|0x40|0x00|0xaf|0x10|0x03|
Jandy   From 0x0a of type              Ack | HEX: 0x10|0x02|0x00|0x01|0x80|0x00|0x93|0x10|0x03|

Jandy     To 0x60 of type            Probe | HEX: 0x10|0x02|0x60|0x00|0x72|0x10|0x03|

Jandy     To 0x0a of type           Status | HEX: 0x10|0x02|0x0a|0x02|0x40|0x11|0x00|0x40|0x00|0xaf|0x10|0x03|
Jandy   From 0x0a of type              Ack | HEX: 0x10|0x02|0x00|0x01|0x80|0x00|0x93|0x10|0x03|

Jandy     To 0x23 of type            Probe | HEX: 0x10|0x02|0x23|0x00|0x35|0x10|0x03|

Jandy     To 0x0a of type           Status | HEX: 0x10|0x02|0x0a|0x02|0x40|0x11|0x00|0x40|0x00|0xaf|0x10|0x03|
Jandy   From 0x0a of type              Ack | HEX: 0x10|0x02|0x00|0x01|0x80|0x00|0x93|0x10|0x03|

Jandy     To 0x60 of type            Probe | HEX: 0x10|0x02|0x60|0x00|0x72|0x10|0x03|

Jandy     To 0x0a of type           Status | HEX: 0x10|0x02|0x0a|0x02|0x40|0x11|0x00|0x40|0x00|0xaf|0x10|0x03|
Jandy   From 0x0a of type              Ack | HEX: 0x10|0x02|0x00|0x01|0x80|0x00|0x93|0x10|0x03|

Jandy     To 0x81 of type            Probe | HEX: 0x10|0x02|0x81|0x00|0x93|0x10|0x03|

Jandy     To 0x28 of type            Probe | HEX: 0x10|0x02|0x28|0x00|0x3a|0x10|0x03|

Jandy     To 0x0a of type           Status | HEX: 0x10|0x02|0x0a|0x02|0x40|0x11|0x00|0x40|0x00|0xaf|0x10|0x03|
Jandy   From 0x0a of type              Ack | HEX: 0x10|0x02|0x00|0x01|0x80|0x00|0x93|0x10|0x03|

Jandy     To 0x60 of type            Probe | HEX: 0x10|0x02|0x60|0x00|0x72|0x10|0x03|

Jandy     To 0x0a of type           Status | HEX: 0x10|0x02|0x0a|0x02|0x40|0x11|0x00|0x40|0x00|0xaf|0x10|0x03|
Jandy   From 0x0a of type              Ack | HEX: 0x10|0x02|0x00|0x01|0x80|0x00|0x93|0x10|0x03|

Jandy     To 0x29 of type            Probe | HEX: 0x10|0x02|0x29|0x00|0x3b|0x10|0x03|

Jandy     To 0x0a of type           Status | HEX: 0x10|0x02|0x0a|0x02|0x40|0x11|0x00|0x40|0x00|0xaf|0x10|0x03|
Jandy   From 0x0a of type              Ack | HEX: 0x10|0x02|0x00|0x01|0x80|0x00|0x93|0x10|0x03|

Jandy     To 0x60 of type            Probe | HEX: 0x10|0x02|0x60|0x00|0x72|0x10|0x03|

Jandy     To 0x0a of type           Status | HEX: 0x10|0x02|0x0a|0x02|0x40|0x11|0x00|0x40|0x00|0xaf|0x10|0x03|
Jandy   From 0x0a of type              Ack | HEX: 0x10|0x02|0x00|0x01|0x80|0x00|0x93|0x10|0x03|

Jandy     To 0x80 of type            Probe | HEX: 0x10|0x02|0x80|0x00|0x92|0x10|0x03|

Jandy     To 0x2a of type            Probe | HEX: 0x10|0x02|0x2a|0x00|0x3c|0x10|0x03|

Jandy     To 0x0a of type           Status | HEX: 0x10|0x02|0x0a|0x02|0x40|0x11|0x00|0x40|0x00|0xaf|0x10|0x03|
Jandy   From 0x0a of type              Ack | HEX: 0x10|0x02|0x00|0x01|0x80|0x00|0x93|0x10|0x03|

Jandy     To 0x0a of type          Message | HEX: 0x10|0x02|0x0a|0x03|0x00|0x20|0x41|0x49|0x52|0x20|0x54|0x45|0x4d|0x50|0x20|0x37|0x32|0xdf|0x46|0x20|0x20|0x5f|0x10|0x03|  Message :  AIR TEMP 72F  
Jandy   From 0x0a of type              Ack | HEX: 0x10|0x02|0x00|0x01|0x80|0x00|0x93|0x10|0x03|

Jandy     To 0x60 of type            Probe | HEX: 0x10|0x02|0x60|0x00|0x72|0x10|0x03|

Jandy     To 0x0a of type           Status | HEX: 0x10|0x02|0x0a|0x02|0x40|0x11|0x00|0x40|0x00|0xaf|0x10|0x03|
Jandy   From 0x0a of type              Ack | HEX: 0x10|0x02|0x00|0x01|0x80|0x00|0x93|0x10|0x03|

Jandy     To 0x2b of type            Probe | HEX: 0x10|0x02|0x2b|0x00|0x3d|0x10|0x03|

Jandy     To 0x0a of type           Status | HEX: 0x10|0x02|0x0a|0x02|0x40|0x11|0x00|0x40|0x00|0xaf|0x10|0x03|
Jandy   From 0x0a of type              Ack | HEX: 0x10|0x02|0x00|0x01|0x80|0x00|0x93|0x10|0x03|

Jandy     To 0x60 of type            Probe | HEX: 0x10|0x02|0x60|0x00|0x72|0x10|0x03|

Jandy     To 0x0a of type           Status | HEX: 0x10|0x02|0x0a|0x02|0x40|0x11|0x00|0x40|0x00|0xaf|0x10|0x03|
Jandy   From 0x0a of type              Ack | HEX: 0x10|0x02|0x00|0x01|0x80|0x00|0x93|0x10|0x03|

Jandy     To 0x31 of type            Probe | HEX: 0x10|0x02|0x31|0x00|0x43|0x10|0x03|
Jandy   From 0x31 of type              Ack | HEX: 0x10|0x02|0x00|0x01|0x00|0x00|0x13|0x10|0x03|

Jandy     To 0x31 of type      iAq Startup | HEX: 0x10|0x02|0x31|0x29|0x0c|0x78|0x10|0x03|
Jandy   From 0x31 of type              Ack | HEX: 0x10|0x02|0x00|0x01|0x00|0x00|0x13|0x10|0x03|

Jandy     To 0x81 of type            Probe | HEX: 0x10|0x02|0x81|0x00|0x93|0x10|0x03|

Jandy     To 0x31 of type         iAq Poll | HEX: 0x10|0x02|0x31|0x30|0x73|0x10|0x03|
Jandy   From 0x31 of type              Ack | HEX: 0x10|0x02|0x00|0x01|0x00|0x00|0x13|0x10|0x03|

Jandy     To 0x31 of type    iAq PageStart | HEX: 0x10|0x02|0x31|0x23|0x01|0x67|0x10|0x03|
Jandy   From 0x31 of type              Ack | HEX: 0x10|0x02|0x00|0x01|0x00|0x00|0x13|0x10|0x03|

Jandy     To 0x31 of type      iAq pButton | HEX: 0x10|0x02|0x31|0x24|0x00|0x00|0x00|0x08|0x46|0x49|0x4c|0x54|0x45|0x52|0x00|0x50|0x55|0x4d|0x50|0x00|0x77|0x10|0x03|
Jandy   From 0x31 of type              Ack | HEX: 0x10|0x02|0x00|0x01|0x00|0x00|0x13|0x10|0x03|

Jandy     To 0x31 of type      iAq pButton | HEX: 0x10|0x02|0x31|0x24|0x01|0x00|0x00|0x08|0x53|0x50|0x41|0x00|0x20|0x00|0x74|0x10|0x03|
Jandy   From 0x31 of type              Ack | HEX: 0x10|0x02|0x00|0x01|0x00|0x00|0x13|0x10|0x03|

Jandy     To 0x31 of type      iAq pButton | HEX: 0x10|0x02|0x31|0x24|0x02|0x00|0x00|0x05|0x50|0x4f|0x4f|0x4c|0x00|0x48|0x45|0x41|0x54|0x00|0xca|0x10|0x03|
Jandy   From 0x31 of type              Ack | HEX: 0x10|0x02|0x00|0x01|0x00|0x00|0x13|0x10|0x03|

Jandy     To 0x31 of type      iAq pButton | HEX: 0x10|0x02|0x31|0x24|0x03|0x00|0x00|0x05|0x53|0x50|0x41|0x00|0x48|0x45|0x41|0x54|0x00|0x75|0x10|0x03|
Jandy   From 0x31 of type              Ack | HEX: 0x10|0x02|0x00|0x01|0x00|0x00|0x13|0x10|0x03|

Jandy     To 0x31 of type      iAq pButton | HEX: 0x10|0x02|0x31|0x24|0x04|0x00|0x00|0x01|0x41|0x55|0x58|0x31|0x00|0x20|0x00|0xab|0x10|0x03|
Jandy   From 0x31 of type              Ack | HEX: 0x10|0x02|0x00|0x01|0x00|0x00|0x13|0x10|0x03|

Jandy     To 0x31 of type      iAq pButton | HEX: 0x10|0x02|0x31|0x24|0x05|0x00|0x00|0x01|0x41|0x55|0x58|0x32|0x00|0x20|0x00|0xad|0x10|0x03|
Jandy   From 0x31 of type              Ack | HEX: 0x10|0x02|0x00|0x01|0x00|0x00|0x13|0x10|0x03|

Jandy     To 0x31 of type      iAq pButton | HEX: 0x10|0x02|0x31|0x24|0x06|0x00|0x00|0x01|0x41|0x55|0x58|0x33|0x00|0x20|0x00|0xaf|0x10|0x03|
Jandy   From 0x31 of type              Ack | HEX: 0x10|0x02|0x00|0x01|0x00|0x00|0x13|0x10|0x03|

Jandy     To 0x31 of type     iAq pMessage | HEX: 0x10|0x02|0x31|0x25|0x02|0x00|0x6a|0x10|0x03|
Jandy   From 0x31 of type              Ack | HEX: 0x10|0x02|0x00|0x01|0x00|0x00|0x13|0x10|0x03|

Jandy     To 0x31 of type     iAq pMessage | HEX: 0x10|0x02|0x31|0x25|0x03|0x00|0x6b|0x10|0x03|
Jandy   From 0x31 of type              Ack | HEX: 0x10|0x02|0x00|0x01|0x00|0x00|0x13|0x10|0x03|

Jandy     To 0x31 of type     iAq pMessage | HEX: 0x10|0x02|0x31|0x25|0x01|0x37|0x32|0xc2|0xba|0x00|0x4e|0x10|0x03|
Jandy   From 0x31 of type              Ack | HEX: 0x10|0x02|0x00|0x01|0x00|0x00|0x13|0x10|0x03|

Jandy     To 0x31 of type     iAq pMessage | HEX: 0x10|0x02|0x31|0x25|0x05|0x41|0x69|0x72|0x20|0x54|0x65|0x6d|0x70|0x00|0x3f|0x10|0x03|
Jandy   From 0x31 of type              Ack | HEX: 0x10|0x02|0x00|0x01|0x00|0x00|0x13|0x10|0x03|

Jandy     To 0x31 of type     iAq pMessage | HEX: 0x10|0x02|0x31|0x25|0x04|0x50|0x6f|0x6f|0x6c|0x20|0x54|0x65|0x6d|0x70|0x00|0xbc|0x10|0x03|
Jandy   From 0x31 of type              Ack | HEX: 0x10|0x02|0x00|0x01|0x00|0x00|0x13|0x10|0x03|

Jandy     To 0x31 of type     iAq pMessage | HEX: 0x10|0x02|0x31|0x25|0x00|0x36|0x35|0xc2|0xba|0x00|0x4f|0x10|0x03|
Jandy   From 0x31 of type              Ack | HEX: 0x10|0x02|0x00|0x01|0x00|0x00|0x13|0x10|0x03|

Jandy     To 0x31 of type      iAq pButton | HEX: 0x10|0x02|0x31|0x24|0x00|0x01|0x00|0x08|0x46|0x49|0x4c|0x54|0x45|0x52|0x00|0x50|0x55|0x4d|0x50|0x00|0x78|0x10|0x03|
Jandy   From 0x31 of type              Ack | HEX: 0x10|0x02|0x00|0x01|0x00|0x00|0x13|0x10|0x03|

Jandy     To 0x31 of type      iAq pButton | HEX: 0x10|0x02|0x31|0x24|0x02|0x03|0x00|0x0b|0x50|0x4f|0x4f|0x4c|0x00|0x48|0x45|0x41|0x54|0x00|0xd3|0x10|0x03|
Jandy   From 0x31 of type              Ack | HEX: 0x10|0x02|0x00|0x01|0x00|0x00|0x13|0x10|0x03|

Jandy     To 0x31 of type      iAq pButton | HEX: 0x10|0x02|0x31|0x24|0x04|0x01|0x00|0x01|0x41|0x55|0x58|0x31|0x00|0x20|0x00|0xac|0x10|0x03|
Jandy   From 0x31 of type              Ack | HEX: 0x10|0x02|0x00|0x01|0x00|0x00|0x13|0x10|0x03|

Jandy     To 0x31 of type      iAq pButton | HEX: 0x10|0x02|0x31|0x24|0x05|0x01|0x00|0x01|0x41|0x55|0x58|0x32|0x00|0x20|0x00|0xae|0x10|0x03|
Jandy   From 0x31 of type              Ack | HEX: 0x10|0x02|0x00|0x01|0x00|0x00|0x13|0x10|0x03|

Jandy     To 0x31 of type   Unknown '0x2d' | HEX: 0x10|0x02|0x31|0x2d|0x41|0x71|0x75|0x61|0x4c|0x69|0x6e|0x6b|0x20|0x54|0x6f|0x75|0x63|0x68|0x00|0xa9|0x10|0x03|
Jandy   From 0x31 of type              Ack | HEX: 0x10|0x02|0x00|0x01|0x00|0x00|0x13|0x10|0x03|

Jandy     To 0x31 of type      iAq PageEnd | HEX: 0x10|0x02|0x31|0x28|0x08|0x0f|0x14|0x14|0x0d|0xb7|0x10|0x03|
Jandy   From 0x31 of type              Ack | HEX: 0x10|0x02|0x00|0x01|0x00|0x00|0x13|0x10|0x03|

Jandy     To 0x31 of type      iAq PageEnd | HEX: 0x10|0x02|0x31|0x28|0x08|0x0f|0x14|0x14|0x0d|0xb7|0x10|0x03|
Jandy   From 0x31 of type              Ack | HEX: 0x10|0x02|0x00|0x01|0x00|0x00|0x13|0x10|0x03|

Jandy     To 0x0a of type           Status | HEX: 0x10|0x02|0x0a|0x02|0x40|0x11|0x00|0x40|0x00|0xaf|0x10|0x03|
Jandy   From 0x0a of type              Ack | HEX: 0x10|0x02|0x00|0x01|0x80|0x00|0x93|0x10|0x03|

Jandy     To 0x60 of type            Probe | HEX: 0x10|0x02|0x60|0x00|0x72|0x10|0x03|

Jandy     To 0x31 of type         iAq Poll | HEX: 0x10|0x02|0x31|0x30|0x73|0x10|0x03|
Jandy   From 0x31 of type              Ack | HEX: 0x10|0x02|0x00|0x01|0x00|0x02|0x15|0x10|0x03|

Jandy     To 0x31 of type    iAq PageStart | HEX: 0x10|0x02|0x31|0x23|0x0f|0x75|0x10|0x03|
Jandy   From 0x31 of type              Ack | HEX: 0x10|0x02|0x00|0x01|0x00|0x00|0x13|0x10|0x03|

Jandy     To 0x31 of type      iAq PageEnd | HEX: 0x10|0x02|0x31|0x28|0x08|0x0f|0x14|0x14|0x0d|0xb7|0x10|0x03|
Jandy   From 0x31 of type              Ack | HEX: 0x10|0x02|0x00|0x01|0x00|0x00|0x13|0x10|0x03|

Jandy     To 0x0a of type           Status | HEX: 0x10|0x02|0x0a|0x02|0x40|0x11|0x00|0x40|0x00|0xaf|0x10|0x03|
Jandy   From 0x0a of type              Ack | HEX: 0x10|0x02|0x00|0x01|0x80|0x00|0x93|0x10|0x03|

Jandy     To 0x0a of type          Message | HEX: 0x10|0x02|0x0a|0x03|0x00|0x50|0x4f|0x4f|0x4c|0x20|0x54|0x45|0x4d|0x50|0x20|0x20|0x36|0x35|0xdf|0x46|0x20|0x9f|0x10|0x03|  Message : POOL TEMP  65F 
Jandy   From 0x0a of type              Ack | HEX: 0x10|0x02|0x00|0x01|0x80|0x00|0x93|0x10|0x03|

Jandy     To 0x32 of type            Probe | HEX: 0x10|0x02|0x32|0x00|0x44|0x10|0x03|

Jandy     To 0x31 of type         iAq Poll | HEX: 0x10|0x02|0x31|0x30|0x73|0x10|0x03|
Jandy   From 0x31 of type              Ack | HEX: 0x10|0x02|0x00|0x01|0x00|0x14|0x27|0x10|0x03|

Jandy     To 0x31 of type    iAq PageStart | HEX: 0x10|0x02|0x31|0x23|0x39|0x9f|0x10|0x03|
Jandy   From 0x31 of type              Ack | HEX: 0x10|0x02|0x00|0x01|0x00|0x00|0x13|0x10|0x03|

Jandy     To 0x31 of type      iAq pButton | HEX: 0x10|0x02|0x31|0x24|0x00|0x00|0x00|0x01|0x50|0x4f|0x4f|0x4c|0x20|0x48|0x45|0x41|0x54|0x00|0x36|0x31|0x00|0x4b|0x10|0x03|
Jandy   From 0x31 of type              Ack | HEX: 0x10|0x02|0x00|0x01|0x00|0x00|0x13|0x10|0x03|

Jandy     To 0x31 of type      iAq pButton | HEX: 0x10|0x02|0x31|0x24|0x01|0x00|0x00|0x00|0x20|0x00|0x20|0x00|0xa8|0x10|0x03|
Jandy   From 0x31 of type              Ack | HEX: 0x10|0x02|0x00|0x01|0x00|0x00|0x13|0x10|0x03|

Jandy     To 0x31 of type      iAq pButton | HEX: 0x10|0x02|0x31|0x24|0x02|0x00|0x00|0x01|0x53|0x50|0x41|0x20|0x48|0x45|0x41|0x54|0x00|0x39|0x32|0x00|0xfb|0x10|0x03|
Jandy   From 0x31 of type              Ack | HEX: 0x10|0x02|0x00|0x01|0x00|0x00|0x13|0x10|0x03|

Jandy     To 0x31 of type      iAq pButton | HEX: 0x10|0x02|0x31|0x24|0x03|0x00|0x00|0x00|0x00|0x00|0x6a|0x10|0x03|
Jandy   From 0x31 of type              Ack | HEX: 0x10|0x02|0x00|0x01|0x00|0x00|0x13|0x10|0x03|

Jandy     To 0x31 of type      iAq PageEnd | HEX: 0x10|0x02|0x31|0x28|0x08|0x0f|0x14|0x14|0x0d|0xb7|0x10|0x03|
Jandy   From 0x31 of type              Ack | HEX: 0x10|0x02|0x00|0x01|0x00|0x00|0x13|0x10|0x03|

Jandy     To 0x0a of type           Status | HEX: 0x10|0x02|0x0a|0x02|0x40|0x11|0x00|0x40|0x00|0xaf|0x10|0x03|
Jandy   From 0x0a of type              Ack | HEX: 0x10|0x02|0x00|0x01|0x80|0x00|0x93|0x10|0x03|

Jandy     To 0x0a of type          Message | HEX: 0x10|0x02|0x0a|0x03|0x00|0x20|0x20|0x30|0x38|0x2f|0x31|0x35|0x2f|0x32|0x30|0x20|0x54|0x55|0x45|0x20|0x20|0x3b|0x10|0x03|  Message :   08/15/20 TUE  
Jandy   From 0x0a of type              Ack | HEX: 0x10|0x02|0x00|0x01|0x80|0x00|0x93|0x10|0x03|

Jandy     To 0x60 of type            Probe | HEX: 0x10|0x02|0x60|0x00|0x72|0x10|0x03|

Jandy     To 0x31 of type         iAq Poll | HEX: 0x10|0x02|0x31|0x30|0x73|0x10|0x03|
Jandy   From 0x31 of type              Ack | HEX: 0x10|0x02|0x00|0x01|0x00|0x02|0x15|0x10|0x03|

Jandy     To 0x31 of type    iAq PageStart | HEX: 0x10|0x02|0x31|0x23|0x0f|0x75|0x10|0x03|
Jandy   From 0x31 of type              Ack | HEX: 0x10|0x02|0x00|0x01|0x00|0x00|0x13|0x10|0x03|

Jandy     To 0x31 of type      iAq PageEnd | HEX: 0x10|0x02|0x31|0x28|0x08|0x0f|0x14|0x14|0x0d|0xb7|0x10|0x03|
Jandy   From 0x31 of type              Ack | HEX: 0x10|0x02|0x00|0x01|0x00|0x00|0x13|0x10|0x03|

Jandy     To 0x0a of type           Status | HEX: 0x10|0x02|0x0a|0x02|0x40|0x11|0x00|0x40|0x00|0xaf|0x10|0x03|
Jandy   From 0x0a of type              Ack | HEX: 0x10|0x02|0x00|0x01|0x80|0x00|0x93|0x10|0x03|

Jandy     To 0x33 of type            Probe | HEX: 0x10|0x02|0x33|0x00|0x45|0x10|0x03|

Jandy     To 0x31 of type         iAq Poll | HEX: 0x10|0x02|0x31|0x30|0x73|0x10|0x03|
Jandy   From 0x31 of type              Ack | HEX: 0x10|0x02|0x00|0x01|0x00|0x15|0x28|0x10|0x03|

Jandy     To 0x31 of type    iAq PageStart | HEX: 0x10|0x02|0x31|0x23|0x14|0x7a|0x10|0x03|
Jandy   From 0x31 of type              Ack | HEX: 0x10|0x02|0x00|0x01|0x00|0x00|0x13|0x10|0x03|

Jandy     To 0x31 of type      iAq pButton | HEX: 0x10|0x02|0x31|0x24|0x00|0x00|0x00|0x01|0x56|0x53|0x50|0x00|0x53|0x65|0x74|0x75|0x70|0x00|0x72|0x10|0x03|
Jandy   From 0x31 of type              Ack | HEX: 0x10|0x02|0x00|0x01|0x00|0x00|0x13|0x10|0x03|

Jandy     To 0x31 of type      iAq pButton | HEX: 0x10|0x02|0x31|0x24|0x01|0x00|0x00|0x01|0x4c|0x61|0x62|0x65|0x6c|0x00|0x41|0x75|0x78|0x00|0x77|0x10|0x03|
Jandy   From 0x31 of type              Ack | HEX: 0x10|0x02|0x00|0x01|0x00|0x00|0x13|0x10|0x03|

Jandy     To 0x31 of type      iAq pButton | HEX: 0x10|0x02|0x31|0x24|0x02|0x00|0x00|0x01|0x43|0x6f|0x6c|0x6f|0x72|0x00|0x4c|0x69|0x67|0x68|0x74|0x73|0x00|0xd4|0x10|0x03|
Jandy   From 0x31 of type              Ack | HEX: 0x10|0x02|0x00|0x01|0x00|0x00|0x13|0x10|0x03|

Jandy     To 0x31 of type      iAq pButton | HEX: 0x10|0x02|0x31|0x24|0x03|0x00|0x00|0x01|0x45|0x53|0x50|0x00|0x4c|0x69|0x6e|0x6b|0x00|0xe1|0x10|0x03|
Jandy   From 0x31 of type              Ack | HEX: 0x10|0x02|0x00|0x01|0x00|0x00|0x13|0x10|0x03|

Jandy     To 0x31 of type      iAq pButton | HEX: 0x10|0x02|0x31|0x24|0x04|0x00|0x00|0x01|0x44|0x69|0x6d|0x6d|0x65|0x72|0x73|0x00|0x00|0x3d|0x10|0x03|
Jandy   From 0x31 of type              Ack | HEX: 0x10|0x02|0x00|0x01|0x00|0x00|0x13|0x10|0x03|

Jandy     To 0x31 of type      iAq pButton | HEX: 0x10|0x02|0x31|0x24|0x05|0x00|0x00|0x01|0x4f|0x6e|0x65|0x54|0x6f|0x75|0x63|0x68|0x00|0x53|0x65|0x74|0x75|0x70|0x00|0xa3|0x10|0x03|
Jandy   From 0x31 of type              Ack | HEX: 0x10|0x02|0x00|0x01|0x00|0x00|0x13|0x10|0x03|

Jandy     To 0x31 of type      iAq pButton | HEX: 0x10|0x02|0x31|0x24|0x06|0x00|0x00|0x01|0x53|0x70|0x61|0x00|0x52|0x65|0x6d|0x6f|0x74|0x65|0x73|0x00|0x71|0x10|0x03|
Jandy   From 0x31 of type              Ack | HEX: 0x10|0x02|0x00|0x01|0x00|0x00|0x13|0x10|0x03|

Jandy     To 0x31 of type      iAq pButton | HEX: 0x10|0x02|0x31|0x24|0x07|0x00|0x00|0x01|0x53|0x70|0x72|0x69|0x6e|0x6b|0x6c|0x65|0x72|0x00|0x53|0x65|0x74|0x75|0x70|0x00|0x3a|0x10|0x03|
Jandy   From 0x31 of type              Ack | HEX: 0x10|0x02|0x00|0x01|0x00|0x00|0x13|0x10|0x03|

Jandy     To 0x31 of type      iAq pButton | HEX: 0x10|0x02|0x31|0x24|0x08|0x00|0x00|0x01|0x44|0x65|0x76|0x69|0x63|0x65|0x00|0x52|0x75|0x6e|0x74|0x69|0x6d|0x65|0x00|0xa4|0x10|0x03|
Jandy   From 0x31 of type              Ack | HEX: 0x10|0x02|0x00|0x01|0x00|0x00|0x13|0x10|0x03|

Jandy     To 0x31 of type      iAq pButton | HEX: 0x10|0x02|0x31|0x24|0x09|0x00|0x00|0x01|0x4d|0x61|0x69|0x6e|0x74|0x61|0x69|0x6e|0x00|0x54|0x65|0x6d|0x70|0x00|0x38|0x10|0x03|
Jandy   From 0x31 of type              Ack | HEX: 0x10|0x02|0x00|0x01|0x00|0x00|0x13|0x10|0x03|

Jandy     To 0x31 of type   Unknown '0x2b' | HEX: 0x10|0x02|0x31|0x2b|0x0a|0x01|0x01|0x7a|0x10|0x03|
Jandy   From 0x31 of type              Ack | HEX: 0x10|0x02|0x00|0x01|0x00|0x00|0x13|0x10|0x03|

Jandy     To 0x31 of type      iAq pButton | HEX: 0x10|0x02|0x31|0x24|0x0a|0x00|0x00|0x01|0x52|0x53|0x20|0x49|0x6e|0x74|0x65|0x72|0x6c|0x69|0x6e|0x6b|0x00|0x44|0x69|0x73|0x61|0x62|0x6c|0x65|0x64|0x00|0xff|0x10|0x03|
Jandy   From 0x31 of type              Ack | HEX: 0x10|0x02|0x00|0x01|0x00|0x00|0x13|0x10|0x03|

Jandy     To 0x31 of type      iAq pButton | HEX: 0x10|0x02|0x31|0x24|0x0b|0x00|0x00|0x01|0x46|0x72|0x65|0x65|0x7a|0x65|0x00|0x50|0x72|0x6f|0x74|0x65|0x63|0x74|0x69|0x6f|0x6e|0x00|0xfb|0x10|0x03|
Jandy   From 0x31 of type              Ack | HEX: 0x10|0x02|0x00|0x01|0x00|0x00|0x13|0x10|0x03|

Jandy     To 0x31 of type      iAq PageEnd | HEX: 0x10|0x02|0x31|0x28|0x08|0x0f|0x14|0x14|0x0d|0xb7|0x10|0x03|
Jandy   From 0x31 of type              Ack | HEX: 0x10|0x02|0x00|0x01|0x00|0x00|0x13|0x10|0x03|

Jandy     To 0x80 of type            Probe | HEX: 0x10|0x02|0x80|0x00|0x92|0x10|0x03|

Jandy     To 0x0a of type           Status | HEX: 0x10|0x02|0x0a|0x02|0x40|0x11|0x00|0x40|0x00|0xaf|0x10|0x03|
Jandy   From 0x0a of type              Ack | HEX: 0x10|0x02|0x00|0x01|0x80|0x00|0x93|0x10|0x03|

Jandy     To 0x0a of type          Message | HEX: 0x10|0x02|0x0a|0x03|0x00|0x20|0x20|0x20|0x20|0x38|0x3a|0x31|0x33|0x20|0x50|0x4d|0x20|0x20|0x20|0x20|0x20|0xd2|0x10|0x03|  Message :     8:13 PM     
Jandy   From 0x0a of type              Ack | HEX: 0x10|0x02|0x00|0x01|0x80|0x00|0x93|0x10|0x03|

Jandy     To 0x60 of type            Probe | HEX: 0x10|0x02|0x60|0x00|0x72|0x10|0x03|

Jandy     To 0x31 of type         iAq Poll | HEX: 0x10|0x02|0x31|0x30|0x73|0x10|0x03|
Jandy   From 0x31 of type              Ack | HEX: 0x10|0x02|0x00|0x01|0x00|0x1c|0x2f|0x10|0x03|

Jandy     To 0x31 of type    iAq PageStart | HEX: 0x10|0x02|0x31|0x23|0x11|0x77|0x10|0x03|
Jandy   From 0x31 of type              Ack | HEX: 0x10|0x02|0x00|0x01|0x00|0x00|0x13|0x10|0x03|

Jandy     To 0x31 of type     iAq TableMsg | HEX: 0x10|0x02|0x31|0x26|0x00|0x01|0x46|0x49|0x4c|0x54|0x45|0x52|0x20|0x50|0x55|0x4d|0x50|0x09|0x58|0x00|0xf3|0x10|0x03|
Jandy   From 0x31 of type              Ack | HEX: 0x10|0x02|0x00|0x01|0x00|0x00|0x13|0x10|0x03|

Jandy     To 0x31 of type     iAq TableMsg | HEX: 0x10|0x02|0x31|0x26|0x00|0x02|0x53|0x50|0x41|0x09|0x20|0x00|0x78|0x10|0x03|
Jandy   From 0x31 of type              Ack | HEX: 0x10|0x02|0x00|0x01|0x00|0x00|0x13|0x10|0x03|

Jandy     To 0x31 of type     iAq TableMsg | HEX: 0x10|0x02|0x31|0x26|0x00|0x03|0x41|0x55|0x58|0x31|0x09|0x20|0x00|0xb4|0x10|0x03|
Jandy   From 0x31 of type              Ack | HEX: 0x10|0x02|0x00|0x01|0x00|0x00|0x13|0x10|0x03|

Jandy     To 0x31 of type     iAq TableMsg | HEX: 0x10|0x02|0x31|0x26|0x00|0x04|0x41|0x55|0x58|0x32|0x09|0x20|0x00|0xb6|0x10|0x03|
Jandy   From 0x31 of type              Ack | HEX: 0x10|0x02|0x00|0x01|0x00|0x00|0x13|0x10|0x03|

Jandy     To 0x31 of type     iAq TableMsg | HEX: 0x10|0x02|0x31|0x26|0x00|0x05|0x41|0x55|0x58|0x33|0x09|0x20|0x00|0xb8|0x10|0x03|
Jandy   From 0x31 of type              Ack | HEX: 0x10|0x02|0x00|0x01|0x00|0x00|0x13|0x10|0x03|

Jandy     To 0x31 of type     iAq TableMsg | HEX: 0x10|0x02|0x31|0x26|0x00|0x06|0x41|0x55|0x58|0x34|0x09|0x20|0x00|0xba|0x10|0x03|
Jandy   From 0x31 of type              Ack | HEX: 0x10|0x02|0x00|0x01|0x00|0x00|0x13|0x10|0x03|

Jandy     To 0x31 of type iAq PageContinue | HEX: 0x10|0x02|0x31|0x40|0x00|0x01|0x01|0x85|0x10|0x03|
Jandy   From 0x31 of type              Ack | HEX: 0x10|0x02|0x00|0x01|0x00|0x00|0x13|0x10|0x03|

Jandy     To 0x31 of type     iAq pMessage | HEX: 0x10|0x02|0x31|0x25|0x00|0x33|0x35|0x00|0xd0|0x10|0x03|
Jandy   From 0x31 of type              Ack | HEX: 0x10|0x02|0x00|0x01|0x00|0x00|0x13|0x10|0x03|

Jandy     To 0x31 of type      iAq PageEnd | HEX: 0x10|0x02|0x31|0x28|0x08|0x0f|0x14|0x14|0x0d|0xb7|0x10|0x03|
Jandy   From 0x31 of type              Ack | HEX: 0x10|0x02|0x00|0x01|0x00|0x00|0x13|0x10|0x03|

Jandy     To 0x0a of type           Status | HEX: 0x10|0x02|0x0a|0x02|0x40|0x11|0x00|0x40|0x00|0xaf|0x10|0x03|
Jandy   From 0x0a of type              Ack | HEX: 0x10|0x02|0x00|0x01|0x80|0x00|0x93|0x10|0x03|

Jandy     To 0x38 of type            Probe | HEX: 0x10|0x02|0x38|0x00|0x4a|0x10|0x03|

Jandy     To 0x31 of type         iAq Poll | HEX: 0x10|0x02|0x31|0x30|0x73|0x10|0x03|
Jandy   From 0x31 of type              Ack | HEX: 0x10|0x02|0x00|0x01|0x00|0x06|0x19|0x10|0x03|

Jandy     To 0x31 of type    iAq PageStart | HEX: 0x10|0x02|0x31|0x23|0x5b|0xc1|0x10|0x03|
Jandy   From 0x31 of type              Ack | HEX: 0x10|0x02|0x00|0x01|0x00|0x00|0x13|0x10|0x03|

Jandy     To 0x31 of type     iAq pMessage | HEX: 0x10|0x02|0x31|0x25|0x00|0x46|0x49|0x4c|0x54|0x45|0x52|0x20|0x50|0x55|0x4d|0x50|0x00|0x90|0x10|0x03|
Jandy   From 0x31 of type              Ack | HEX: 0x10|0x02|0x00|0x01|0x00|0x00|0x13|0x10|0x03|

Jandy     To 0x31 of type     iAq pMessage | HEX: 0x10|0x02|0x31|0x25|0x01|0x50|0x4f|0x4f|0x4c|0x20|0x48|0x45|0x41|0x54|0x20|0x45|0x4e|0x41|0x00|0xd9|0x10|0x03|
Jandy   From 0x31 of type              Ack | HEX: 0x10|0x02|0x00|0x01|0x00|0x00|0x13|0x10|0x03|

Jandy     To 0x31 of type     iAq pMessage | HEX: 0x10|0x02|0x31|0x25|0x02|0x41|0x55|0x58|0x31|0x00|0x89|0x10|0x03|
Jandy   From 0x31 of type              Ack | HEX: 0x10|0x02|0x00|0x01|0x00|0x00|0x13|0x10|0x03|

Jandy     To 0x31 of type     iAq pMessage | HEX: 0x10|0x02|0x31|0x25|0x03|0x41|0x55|0x58|0x32|0x00|0x8b|0x10|0x03|
Jandy   From 0x31 of type              Ack | HEX: 0x10|0x02|0x00|0x01|0x00|0x00|0x13|0x10|0x03|

Jandy     To 0x31 of type     iAq pMessage | HEX: 0x10|0x02|0x31|0x25|0x04|0x4a|0x41|0x4e|0x44|0x59|0x20|0x65|0x50|0x55|0x4d|0x50|0x20|0x20|0x20|0x31|0x00|0x3a|0x10|0x03|
Jandy   From 0x31 of type              Ack | HEX: 0x10|0x02|0x00|0x01|0x00|0x00|0x13|0x10|0x03|

Jandy     To 0x31 of type     iAq pMessage | HEX: 0x10|0x02|0x31|0x25|0x05|0x20|0x20|0x20|0x20|0x52|0x50|0x4d|0x3a|0x20|0x31|0x37|0x35|0x30|0x00|0x03|0x10|0x03|
Jandy   From 0x31 of type              Ack | HEX: 0x10|0x02|0x00|0x01|0x00|0x00|0x13|0x10|0x03|

Jandy     To 0x31 of type     iAq pMessage | HEX: 0x10|0x02|0x31|0x25|0x06|0x20|0x20|0x57|0x41|0x54|0x54|0x53|0x3a|0x20|0x30|0x00|0xcb|0x10|0x03|
Jandy   From 0x31 of type              Ack | HEX: 0x10|0x02|0x00|0x01|0x00|0x00|0x13|0x10|0x03|

Jandy     To 0x31 of type     iAq pMessage | HEX: 0x10|0x02|0x31|0x25|0x07|0x49|0x6e|0x74|0x65|0x6c|0x6c|0x69|0x66|0x6c|0x6f|0x20|0x56|0x53|0x20|0x32|0x00|0x9c|0x10|0x03|
Jandy   From 0x31 of type              Ack | HEX: 0x10|0x02|0x00|0x01|0x00|0x00|0x13|0x10|0x03|

Jandy     To 0x31 of type     iAq pMessage | HEX: 0x10|0x02|0x31|0x25|0x08|0x20|0x20|0x20|0x20|0x52|0x50|0x4d|0x3a|0x20|0x31|0x37|0x35|0x30|0x00|0x06|0x10|0x03|
Jandy   From 0x31 of type              Ack | HEX: 0x10|0x02|0x00|0x01|0x00|0x00|0x13|0x10|0x03|

Jandy     To 0x31 of type     iAq pMessage | HEX: 0x10|0x02|0x31|0x25|0x09|0x20|0x20|0x57|0x41|0x54|0x54|0x53|0x3a|0x20|0x30|0x00|0xce|0x10|0x03|
Jandy   From 0x31 of type              Ack | HEX: 0x10|0x02|0x00|0x01|0x00|0x00|0x13|0x10|0x03|

Jandy     To 0x31 of type     iAq pMessage | HEX: 0x10|0x02|0x31|0x25|0x0a|0x49|0x6e|0x74|0x65|0x6c|0x6c|0x69|0x66|0x6c|0x6f|0x20|0x56|0x46|0x20|0x33|0x00|0x93|0x10|0x03|
Jandy   From 0x31 of type              Ack | HEX: 0x10|0x02|0x00|0x01|0x00|0x00|0x13|0x10|0x03|

Jandy     To 0x31 of type     iAq pMessage | HEX: 0x10|0x02|0x31|0x25|0x0b|0x20|0x20|0x20|0x20|0x52|0x50|0x4d|0x3a|0x20|0x32|0x32|0x35|0x30|0x00|0x05|0x10|0x03|
Jandy   From 0x31 of type              Ack | HEX: 0x10|0x02|0x00|0x01|0x00|0x00|0x13|0x10|0x03|

Jandy     To 0x31 of type     iAq pMessage | HEX: 0x10|0x02|0x31|0x25|0x0c|0x20|0x20|0x57|0x41|0x54|0x54|0x53|0x3a|0x20|0x31|0x30|0x30|0x00|0x32|0x10|0x03|
Jandy   From 0x31 of type              Ack | HEX: 0x10|0x02|0x00|0x01|0x00|0x00|0x13|0x10|0x03|

Jandy     To 0x31 of type     iAq pMessage | HEX: 0x10|0x02|0x31|0x25|0x0d|0x20|0x20|0x20|0x20|0x47|0x50|0x4d|0x3a|0x20|0x35|0x30|0x00|0x98|0x10|0x03|
Jandy   From 0x31 of type              Ack | HEX: 0x10|0x02|0x00|0x01|0x00|0x00|0x13|0x10|0x03|

Jandy     To 0x31 of type     iAq pMessage | HEX: 0x10|0x02|0x31|0x25|0x0e|0x20|0x00|0x96|0x10|0x03|
Jandy   From 0x31 of type              Ack | HEX: 0x10|0x02|0x00|0x01|0x00|0x00|0x13|0x10|0x03|

Jandy     To 0x31 of type     iAq pMessage | HEX: 0x10|0x02|0x31|0x25|0x0f|0x20|0x00|0x97|0x10|0x03|
Jandy   From 0x31 of type              Ack | HEX: 0x10|0x02|0x00|0x01|0x00|0x00|0x13|0x10|0x03|

Jandy     To 0x31 of type     iAq pMessage | HEX: 0x10|0x02|0x31|0x25|0x10|0x20|0x00|0x98|0x10|0x03|
Jandy   From 0x31 of type              Ack | HEX: 0x10|0x02|0x00|0x01|0x00|0x00|0x13|0x10|0x03|

Jandy     To 0x31 of type     iAq pMessage | HEX: 0x10|0x02|0x31|0x25|0x11|0x20|0x00|0x99|0x10|0x03|
Jandy   From 0x31 of type              Ack | HEX: 0x10|0x02|0x00|0x01|0x00|0x00|0x13|0x10|0x03|

Jandy     To 0x31 of type      iAq pButton | HEX: 0x10|0x02|0x31|0x24|0x01|0x00|0x00|0x00|0x00|0x00|0x68|0x10|0x03|
Jandy   From 0x31 of type              Ack | HEX: 0x10|0x02|0x00|0x01|0x00|0x00|0x13|0x10|0x03|

Jandy     To 0x31 of type      iAq PageEnd | HEX: 0x10|0x02|0x31|0x28|0x08|0x0f|0x14|0x14|0x0d|0xb7|0x10|0x03|
Jandy   From 0x31 of type              Ack | HEX: 0x10|0x02|0x00|0x01|0x00|0x00|0x13|0x10|0x03|

Jandy     To 0x0a of type           Status | HEX: 0x10|0x02|0x0a|0x02|0x40|0x11|0x00|0x40|0x00|0xaf|0x10|0x03|
Jandy   From 0x0a of type              Ack | HEX: 0x10|0x02|0x00|0x01|0x80|0x00|0x93|0x10|0x03|

Jandy     To 0x0a of type          Message | HEX: 0x10|0x02|0x0a|0x03|0x00|0x20|0x41|0x49|0x52|0x20|0x54|0x45|0x4d|0x50|0x20|0x37|0x32|0xdf|0x46|0x20|0x20|0x5f|0x10|0x03|  Message :  AIR TEMP 72F  
Jandy   From 0x0a of type              Ack | HEX: 0x10|0x02|0x00|0x01|0x80|0x00|0x93|0x10|0x03|

Jandy     To 0x60 of type            Probe | HEX: 0x10|0x02|0x60|0x00|0x72|0x10|0x03|

Jandy     To 0x31 of type         iAq Poll | HEX: 0x10|0x02|0x31|0x30|0x73|0x10|0x03|
Jandy   From 0x31 of type              Ack | HEX: 0x10|0x02|0x00|0x01|0x00|0x01|0x14|0x10|0x03|

Jandy     To 0x31 of type    iAq PageStart | HEX: 0x10|0x02|0x31|0x23|0x01|0x67|0x10|0x03|
Jandy   From 0x31 of type              Ack | HEX: 0x10|0x02|0x00|0x01|0x00|0x00|0x13|0x10|0x03|

Jandy     To 0x31 of type      iAq pButton | HEX: 0x10|0x02|0x31|0x24|0x00|0x01|0x00|0x08|0x46|0x49|0x4c|0x54|0x45|0x52|0x00|0x50|0x55|0x4d|0x50|0x00|0x78|0x10|0x03|
Jandy   From 0x31 of type              Ack | HEX: 0x10|0x02|0x00|0x01|0x00|0x00|0x13|0x10|0x03|

Jandy     To 0x31 of type      iAq pButton | HEX: 0x10|0x02|0x31|0x24|0x02|0x03|0x00|0x0b|0x50|0x4f|0x4f|0x4c|0x00|0x48|0x45|0x41|0x54|0x00|0xd3|0x10|0x03|
Jandy   From 0x31 of type              Ack | HEX: 0x10|0x02|0x00|0x01|0x00|0x00|0x13|0x10|0x03|

Jandy     To 0x31 of type     iAq pMessage | HEX: 0x10|0x02|0x31|0x25|0x01|0x37|0x32|0xc2|0xba|0x00|0x4e|0x10|0x03|
Jandy   From 0x31 of type              Ack | HEX: 0x10|0x02|0x00|0x01|0x00|0x00|0x13|0x10|0x03|

Jandy     To 0x31 of type     iAq pMessage | HEX: 0x10|0x02|0x31|0x25|0x05|0x41|0x69|0x72|0x20|0x54|0x65|0x6d|0x70|0x00|0x3f|0x10|0x03|
Jandy   From 0x31 of type              Ack | HEX: 0x10|0x02|0x00|0x01|0x00|0x00|0x13|0x10|0x03|

Jandy     To 0x31 of type     iAq pMessage | HEX: 0x10|0x02|0x31|0x25|0x00|0x36|0x35|0xc2|0xba|0x00|0x4f|0x10|0x03|
Jandy   From 0x31 of type              Ack | HEX: 0x10|0x02|0x00|0x01|0x00|0x00|0x13|0x10|0x03|

Jandy     To 0x31 of type   Unknown '0x2d' | HEX: 0x10|0x02|0x31|0x2d|0x41|0x71|0x75|0x61|0x4c|0x69|0x6e|0x6b|0x20|0x54|0x6f|0x75|0x63|0x68|0x00|0xa9|0x10|0x03|
Jandy   From 0x31 of type              Ack | HEX: 0x10|0x02|0x00|0x01|0x00|0x00|0x13|0x10|0x03|

Jandy     To 0x31 of type      iAq PageEnd | HEX: 0x10|0x02|0x31|0x28|0x08|0x0f|0x14|0x14|0x0d|0xb7|0x10|0x03|
Jandy   From 0x31 of type              Ack | HEX: 0x10|0x02|0x00|0x01|0x00|0x00|0x13|0x10|0x03|

Jandy     To 0x31 of type      iAq PageEnd | HEX: 0x10|0x02|0x31|0x28|0x08|0x0f|0x14|0x14|0x0d|0xb7|0x10|0x03|
Jandy   From 0x31 of type              Ack | HEX: 0x10|0x02|0x00|0x01|0x00|0x00|0x13|0x10|0x03|

Jandy     To 0x0a of type           Status | HEX: 0x10|0x02|0x0a|0x02|0x40|0x11|0x00|0x40|0x00|0xaf|0x10|0x03|
Jandy   From 0x0a of type              Ack | HEX: 0x10|0x02|0x00|0x01|0x80|0x00|0x93|0x10|0x03|

Jandy     To 0x39 of type            Probe | HEX: 0x10|0x02|0x39|0x00|0x4b|0x10|0x03|

Jandy     To 0x31 of type         iAq Poll | HEX: 0x10|0x02|0x31|0x30|0x73|0x10|0x03|
Jandy   From 0x31 of type              Ack | HEX: 0x10|0x02|0x00|0x01|0x00|0x00|0x13|0x10|0x03|

Jandy     To 0x0a of type           Status | HEX: 0x10|0x02|0x0a|0x02|0x40|0x11|0x00|0x40|0x00|0xaf|0x10|0x03|
Jandy   From 0x0a of type              Ack | HEX: 0x10|0x02|0x00|0x01|0x80|0x00|0x93|0x10|0x03|

Jandy     To 0x81 of type            Probe | HEX: 0x10|0x02|0x81|0x00|0x93|0x10|0x03|

Jandy     To 0x60 of type            Probe | HEX: 0x10|0x02|0x60|0x00|0x72|0x10|0x03|

Jandy     To 0x31 of type         iAq Poll | HEX: 0x10|0x02|0x31|0x30|0x73|0x10|0x03|
Jandy   From 0x31 of type              Ack | HEX: 0x10|0x02|0x00|0x01|0x00|0x00|0x13|0x10|0x03|

Jandy     To 0x0a of type           Status | HEX: 0x10|0x02|0x0a|0x02|0x40|0x11|0x00|0x40|0x00|0xaf|0x10|0x03|
Jandy   From 0x0a of type              Ack | HEX: 0x10|0x02|0x00|0x01|0x80|0x00|0x93|0x10|0x03|

Jandy     To 0x3a of type            Probe | HEX: 0x10|0x02|0x3a|0x00|0x4c|0x10|0x03|

Jandy     To 0x31 of type         iAq Poll | HEX: 0x10|0x02|0x31|0x30|0x73|0x10|0x03|
Jandy   From 0x31 of type              Ack | HEX: 0x10|0x02|0x00|0x01|0x00|0x00|0x13|0x10|0x03|

Jandy     To 0x0a of type           Status | HEX: 0x10|0x02|0x0a|0x02|0x40|0x11|0x00|0x40|0x00|0xaf|0x10|0x03|
Jandy   From 0x0a of type              Ack | HEX: 0x10|0x02|0x00|0x01|0x80|0x00|0x93|0x10|0x03|

Jandy     To 0x0a of type          Message | HEX: 0x10|0x02|0x0a|0x03|0x00|0x50|0x4f|0x4f|0x4c|0x20|0x54|0x45|0x4d|0x50|0x20|0x20|0x36|0x35|0xdf|0x46|0x20|0x9f|0x10|0x03|  Message : POOL TEMP  65F 
Jandy   From 0x0a of type              Ack | HEX: 0x10|0x02|0x00|0x01|0x80|0x00|0x93|0x10|0x03|

Jandy     To 0x60 of type            Probe | HEX: 0x10|0x02|0x60|0x00|0x72|0x10|0x03|

Jandy     To 0x31 of type         iAq Poll | HEX: 0x10|0x02|0x31|0x30|0x73|0x10|0x03|
Jandy   From 0x31 of type              Ack | HEX: 0x10|0x02|0x00|0x01|0x00|0x00|0x13|0x10|0x03|

Jandy     To 0x0a of type           Status | HEX: 0x10|0x02|0x0a|0x02|0x40|0x11|0x00|0x40|0x00|0xaf|0x10|0x03|
Jandy   From 0x0a of type              Ack | HEX: 0x10|0x02|0x00|0x01|0x80|0x00|0x93|0x10|0x03|

Jandy     To 0x3b of type            Probe | HEX: 0x10|0x02|0x3b|0x00|0x4d|0x10|0x03|

Jandy     To 0x31 of type         iAq Poll | HEX: 0x10|0x02|0x31|0x30|0x73|0x10|0x03|
Jandy   From 0x31 of type              Ack | HEX: 0x10|0x02|0x00|0x01|0x00|0x00|0x13|0x10|0x03|

Jandy     To 0x0a of type           Status | HEX: 0x10|0x02|0x0a|0x02|0x40|0x11|0x00|0x40|0x00|0xaf|0x10|0x03|
Jandy   From 0x0a of type              Ack | HEX: 0x10|0x02|0x00|0x01|0x80|0x00|0x93|0x10|0x03|

Jandy     To 0x80 of type            Probe | HEX: 0x10|0x02|0x80|0x00|0x92|0x10|0x03|

Jandy     To 0x60 of type            Probe | HEX: 0x10|0x02|0x60|0x00|0x72|0x10|0x03|

Jandy     To 0x31 of type         iAq Poll | HEX: 0x10|0x02|0x31|0x30|0x73|0x10|0x03|
Jandy   From 0x31 of type              Ack | HEX: 0x10|0x02|0x00|0x01|0x00|0x02|0x15|0x10|0x03|

Jandy     To 0x31 of type    iAq PageStart | HEX: 0x10|0x02|0x31|0x23|0x0f|0x75|0x10|0x03|
Jandy   From 0x31 of type              Ack | HEX: 0x10|0x02|0x00|0x01|0x00|0x00|0x13|0x10|0x03|

Jandy     To 0x31 of type      iAq PageEnd | HEX: 0x10|0x02|0x31|0x28|0x08|0x0f|0x14|0x14|0x0d|0xb7|0x10|0x03|
Jandy   From 0x31 of type              Ack | HEX: 0x10|0x02|0x00|0x01|0x00|0x00|0x13|0x10|0x03|

Jandy     To 0x0a of type           Status | HEX: 0x10|0x02|0x0a|0x02|0x40|0x11|0x00|0x40|0x00|0xaf|0x10|0x03|
Jandy   From 0x0a of type              Ack | HEX: 0x10|0x02|0x00|0x01|0x80|0x00|0x93|0x10|0x03|

Jandy     To 0x48 of type            Probe | HEX: 0x10|0x02|0x48|0x00|0x5a|0x10|0x03|
Jandy   From 0x48 of type              Ack | HEX: 0x10|0x02|0x00|0x01|0x00|0x05|0x18|0x10|0x03|

Jandy     To 0x48 of type   RSSA DevStatus | HEX: 0x10|0x02|0x48|0x13|0x00|0x19|0x79|0x00|0xff|0x10|0x03|
Jandy   From 0x48 of type              Ack | HEX: 0x10|0x02|0x00|0x01|0x00|0x00|0x13|0x10|0x03|

Jandy     To 0x31 of type         iAq Poll | HEX: 0x10|0x02|0x31|0x30|0x73|0x10|0x03|
Jandy   From 0x31 of type              Ack | HEX: 0x10|0x02|0x00|0x01|0x00|0x17|0x2a|0x10|0x03|

Jandy     To 0x31 of type    iAq PageStart | HEX: 0x10|0x02|0x31|0x23|0x4b|0xb1|0x10|0x03|
Jandy   From 0x31 of type              Ack | HEX: 0x10|0x02|0x00|0x01|0x00|0x00|0x13|0x10|0x03|

Jandy     To 0x31 of type     iAq pMessage | HEX: 0x10|0x02|0x31|0x25|0x00|0x54|0x69|0x6d|0x65|0x3a|0x00|0x31|0x10|0x03|
Jandy   From 0x31 of type              Ack | HEX: 0x10|0x02|0x00|0x01|0x00|0x00|0x13|0x10|0x03|

Jandy     To 0x31 of type      iAq pButton | HEX: 0x10|0x02|0x31|0x24|0x01|0x00|0x00|0x01|0x38|0x3a|0x31|0x33|0x20|0x50|0x4d|0x00|0x00|0xfc|0x10|0x03|
Jandy   From 0x31 of type              Ack | HEX: 0x10|0x02|0x00|0x01|0x00|0x00|0x13|0x10|0x03|

Jandy     To 0x31 of type      iAq pButton | HEX: 0x10|0x02|0x31|0x24|0x00|0x00|0x00|0x01|0x30|0x38|0x2f|0x31|0x35|0x2f|0x32|0x30|0x00|0x00|0xf6|0x10|0x03|
Jandy   From 0x31 of type              Ack | HEX: 0x10|0x02|0x00|0x01|0x00|0x00|0x13|0x10|0x03|

Jandy     To 0x31 of type      iAq PageEnd | HEX: 0x10|0x02|0x31|0x28|0x08|0x0f|0x14|0x14|0x0d|0xb7|0x10|0x03|
Jandy   From 0x31 of type              Ack | HEX: 0x10|0x02|0x00|0x01|0x00|0x00|0x13|0x10|0x03|

Jandy     To 0x0a of type           Status | HEX: 0x10|0x02|0x0a|0x02|0x40|0x11|0x00|0x40|0x00|0xaf|0x10|0x03|
Jandy   From 0x0a of type              Ack | HEX: 0x10|0x02|0x00|0x01|0x80|0x00|0x93|0x10|0x03|

Jandy     To 0x0a of type          Message | HEX: 0x10|0x02|0x0a|0x03|0x00|0x20|0x20|0x30|0x38|0x2f|0x31|0x35|0x2f|0x32|0x30|0x20|0x54|0x55|0x45|0x20|0x20|0x3b|0x10|0x03|  Message :   08/15/20 TUE  
Jandy   From 0x0a of type              Ack | HEX: 0x10|0x02|0x00|0x01|0x80|0x00|0x93|0x10|0x03|

Jandy     To 0x48 of type           Status | HEX: 0x10|0x02|0x48|0x02|0x40|0x11|0x00|0x40|0x00|0xed|0x10|0x03|
Jandy   From 0x48 of type              Ack | HEX: 0x10|0x02|0x00|0x01|0x00|0x00|0x13|0x10|0x03|

Jandy     To 0x60 of type            Probe | HEX: 0x10|0x02|0x60|0x00|0x72|0x10|0x03|

Jandy     To 0x31 of type         iAq Poll | HEX: 0x10|0x02|0x31|0x30|0x73|0x10|0x03|
Jandy   From 0x31 of type              Ack | HEX: 0x10|0x02|0x00|0x01|0x00|0x11|0x24|0x10|0x03|

Jandy     To 0x31 of type    iAq PageStart | HEX: 0x10|0x02|0x31|0x23|0x4e|0xb4|0x10|0x03|
Jandy   From 0x31 of type              Ack | HEX: 0x10|0x02|0x00|0x01|0x00|0x00|0x13|0x10|0x03|

Jandy     To 0x31 of type     iAq pMessage | HEX: 0x10|0x02|0x31|0x25|0x02|0x20|0x00|0x8a|0x10|0x03|
Jandy   From 0x31 of type              Ack | HEX: 0x10|0x02|0x00|0x01|0x00|0x00|0x13|0x10|0x03|

Jandy     To 0x31 of type     iAq pMessage | HEX: 0x10|0x02|0x31|0x25|0x00|0x44|0x61|0x74|0x65|0x3a|0x00|0x20|0x10|0x03|
Jandy   From 0x31 of type              Ack | HEX: 0x10|0x02|0x00|0x01|0x00|0x00|0x13|0x10|0x03|

Jandy     To 0x31 of type      iAq pButton | HEX: 0x10|0x02|0x31|0x24|0x01|0x00|0x00|0x01|0x38|0x3a|0x31|0x33|0x20|0x50|0x4d|0x00|0x00|0xfc|0x10|0x03|
Jandy   From 0x31 of type              Ack | HEX: 0x10|0x02|0x00|0x01|0x00|0x00|0x13|0x10|0x03|

Jandy     To 0x31 of type      iAq pButton | HEX: 0x10|0x02|0x31|0x24|0x00|0x00|0x00|0x01|0x30|0x38|0x2f|0x31|0x35|0x2f|0x32|0x30|0x00|0x00|0xf6|0x10|0x03|
Jandy   From 0x31 of type              Ack | HEX: 0x10|0x02|0x00|0x01|0x00|0x00|0x13|0x10|0x03|

Jandy     To 0x31 of type      iAq PageEnd | HEX: 0x10|0x02|0x31|0x28|0x08|0x0f|0x14|0x14|0x0d|0xb7|0x10|0x03|
Jandy   From 0x31 of type              Ack | HEX: 0x10|0x02|0x00|0x01|0x00|0x00|0x13|0x10|0x03|

Jandy     To 0x0a of type           Status | HEX: 0x10|0x02|0x0a|0x02|0x40|0x11|0x00|0x40|0x00|0xaf|0x10|0x03|
Jandy   From 0x0a of type              Ack | HEX: 0x10|0x02|0x00|0x01|0x80|0x00|0x93|0x10|0x03|

Jandy     To 0x48 of type           Status | HEX: 0x10|0x02|0x48|0x02|0x40|0x11|0x00|0x40|0x00|0xed|0x10|0x03|
Jandy   From 0x48 of type              Ack | HEX: 0x10|0x02|0x00|0x01|0x00|0x00|0x13|0x10|0x03|

Jandy     To 0x58 of type            Probe | HEX: 0x10|0x02|0x58|0x00|0x6a|0x10|0x03|

Jandy     To 0x31 of type         iAq Poll | HEX: 0x10|0x02|0x31|0x30|0x73|0x10|0x03|
Jandy   From 0x31 of type              Ack | HEX: 0x10|0x02|0x00|0x01|0x00|0x80|0x93|0x10|0x03|

Jandy     To 0x31 of type   Unknown '0x31' | HEX: 0x10|0x02|0x31|0x31|0x01|0x75|0x10|0x03|
Jandy   From 0x31 of type      iAq pButton | HEX: 0x10|0x02|0x00|0x24|0x31|0x30|0x38|0x2f|0x31|0x35|0x2f|0x32|0x30|0x00|0xcd|0xcd|0xcd|0xcd|0xcd|0xcd|0xcd|0x90|0x10|0x03|

Jandy     To 0x31 of type      iAq pButton | HEX: 0x10|0x02|0x31|0x24|0x00|0x00|0x00|0x01|0x30|0x38|0x2f|0x31|0x35|0x2f|0x32|0x30|0x00|0x00|0xf6|0x10|0x03|
Jandy   From 0x31 of type              Ack | HEX: 0x10|0x02|0x00|0x01|0x00|0x00|0x13|0x10|0x03|

Jandy     To 0x0a of type           Status | HEX: 0x10|0x02|0x0a|0x02|0x40|0x11|0x00|0x40|0x00|0xaf|0x10|0x03|
Jandy   From 0x0a of type              Ack | HEX: 0x10|0x02|0x00|0x01|0x80|0x00|0x93|0x10|0x03|

Jandy     To 0x0a of type          Message | HEX: 0x10|0x02|0x0a|0x03|0x00|0x20|0x20|0x20|0x20|0x38|0x3a|0x31|0x33|0x20|0x50|0x4d|0x20|0x20|0x20|0x20|0x20|0xd2|0x10|0x03|  Message :     8:13 PM     
Jandy   From 0x0a of type              Ack | HEX: 0x10|0x02|0x00|0x01|0x80|0x00|0x93|0x10|0x03|

Jandy     To 0x81 of type            Probe | HEX: 0x10|0x02|0x81|0x00|0x93|0x10|0x03|

Jandy     To 0x48 of type           Status | HEX: 0x10|0x02|0x48|0x02|0x40|0x11|0x00|0x40|0x00|0xed|0x10|0x03|
Jandy   From 0x48 of type              Ack | HEX: 0x10|0x02|0x00|0x01|0x00|0x00|0x13|0x10|0x03|

Jandy     To 0x60 of type            Probe | HEX: 0x10|0x02|0x60|0x00|0x72|0x10|0x03|

Jandy     To 0x31 of type         iAq Poll | HEX: 0x10|0x02|0x31|0x30|0x73|0x10|0x03|
Jandy   From 0x31 of type              Ack | HEX: 0x10|0x02|0x00|0x01|0x00|0x12|0x25|0x10|0x03|

Jandy     To 0x31 of type    iAq PageStart | HEX: 0x10|0x02|0x31|0x23|0x4b|0xb1|0x10|0x03|
Jandy   From 0x31 of type              Ack | HEX: 0x10|0x02|0x00|0x01|0x00|0x00|0x13|0x10|0x03|

Jandy     To 0x31 of type     iAq pMessage | HEX: 0x10|0x02|0x31|0x25|0x00|0x54|0x69|0x6d|0x65|0x3a|0x00|0x31|0x10|0x03|
Jandy   From 0x31 of type              Ack | HEX: 0x10|0x02|0x00|0x01|0x00|0x00|0x13|0x10|0x03|

Jandy     To 0x31 of type      iAq pButton | HEX: 0x10|0x02|0x31|0x24|0x01|0x00|0x00|0x01|0x38|0x3a|0x31|0x33|0x20|0x50|0x4d|0x00|0x00|0xfc|0x10|0x03|
Jandy   From 0x31 of type              Ack | HEX: 0x10|0x02|0x00|0x01|0x00|0x00|0x13|0x10|0x03|

Jandy     To 0x31 of type      iAq pButton | HEX: 0x10|0x02|0x31|0x24|0x00|0x00|0x00|0x01|0x30|0x38|0x2f|0x31|0x35|0x2f|0x32|0x30|0x00|0x00|0xf6|0x10|0x03|
Jandy   From 0x31 of type              Ack | HEX: 0x10|0x02|0x00|0x01|0x00|0x00|0x13|0x10|0x03|

Jandy     To 0x31 of type      iAq PageEnd | HEX: 0x10|0x02|0x31|0x28|0x08|0x0f|0x14|0x14|0x0d|0xb7|0x10|0x03|
Jandy   From 0x31 of type              Ack | HEX: 0x10|0x02|0x00|0x01|0x00|0x00|0x13|0x10|0x03|

Jandy     To 0x0a of type           Status | HEX: 0x10|0x02|0x0a|0x02|0x40|0x11|0x00|0x40|0x00|0xaf|0x10|0x03|
Jandy   From 0x0a of type              Ack | HEX: 0x10|0x02|0x00|0x01|0x80|0x00|0x93|0x10|0x03|

Jandy     To 0x48 of type           Status | HEX: 0x10|0x02|0x48|0x02|0x40|0x11|0x00|0x40|0x00|0xed|0x10|0x03|
Jandy   From 0x48 of type              Ack | HEX: 0x10|0x02|0x00|0x01|0x00|0x00|0x13|0x10|0x03|

Jandy     To 0x68 of type            Probe | HEX: 0x10|0x02|0x68|0x00|0x7a|0x10|0x03|

Jandy     To 0x31 of type         iAq Poll | HEX: 0x10|0x02|0x31|0x30|0x73|0x10|0x03|
Jandy   From 0x31 of type              Ack | HEX: 0x10|0x02|0x00|0x01|0x00|0x13|0x26|0x10|0x03|

Jandy     To 0x31 of type     iAq pMessage | HEX: 0x10|0x02|0x31|0x25|0x02|0x41|0x4d|0x00|0xf8|0x10|0x03|
Jandy   From 0x31 of type              Ack | HEX: 0x10|0x02|0x00|0x01|0x00|0x00|0x13|0x10|0x03|

Jandy     To 0x0a of type           Status | HEX: 0x10|0x02|0x0a|0x02|0x40|0x11|0x00|0x40|0x00|0xaf|0x10|0x03|
Jandy   From 0x0a of type              Ack | HEX: 0x10|0x02|0x00|0x01|0x80|0x00|0x93|0x10|0x03|

Jandy     To 0x48 of type           Status | HEX: 0x10|0x02|0x48|0x02|0x40|0x11|0x00|0x40|0x00|0xed|0x10|0x03|
Jandy   From 0x48 of type              Ack | HEX: 0x10|0x02|0x00|0x01|0x00|0x00|0x13|0x10|0x03|

Jandy     To 0x60 of type            Probe | HEX: 0x10|0x02|0x60|0x00|0x72|0x10|0x03|

Jandy     To 0x31 of type         iAq Poll | HEX: 0x10|0x02|0x31|0x30|0x73|0x10|0x03|
Jandy   From 0x31 of type              Ack | HEX: 0x10|0x02|0x00|0x01|0x00|0x00|0x13|0x10|0x03|

Jandy     To 0x0a of type           Status | HEX: 0x10|0x02|0x0a|0x02|0x40|0x11|0x00|0x40|0x00|0xaf|0x10|0x03|
Jandy   From 0x0a of type              Ack | HEX: 0x10|0x02|0x00|0x01|0x80|0x00|0x93|0x10|0x03|

Jandy     To 0x0a of type       PDA Hlight | HEX: 0x10|0x02|0x0a|0x08|0x00|0x19|0x79|0xb6|0x10|0x03|
Jandy   From 0x0a of type              Ack | HEX: 0x10|0x02|0x00|0x01|0x80|0x00|0x93|0x10|0x03|

Jandy     To 0x0a of type          Message | HEX: 0x10|0x02|0x0a|0x03|0x00|0x4a|0x41|0x4e|0x44|0x59|0x20|0x41|0x71|0x75|0x61|0x4c|0x69|0x6e|0x6b|0x52|0x53|0x70|0x10|0x03|  Message : JANDY AquaLinkRS
Jandy   From 0x0a of type              Ack | HEX: 0x10|0x02|0x00|0x01|0x80|0x00|0x93|0x10|0x03|

Jandy     To 0x48 of type           Status | HEX: 0x10|0x02|0x48|0x02|0x40|0x11|0x00|0x40|0x00|0xed|0x10|0x03|
Jandy   From 0x48 of type              Ack | HEX: 0x10|0x02|0x00|0x01|0x00|0x00|0x13|0x10|0x03|

Jandy     To 0x80 of type            Probe | HEX: 0x10|0x02|0x80|0x00|0x92|0x10|0x03|

Jandy     To 0x69 of type            Probe | HEX: 0x10|0x02|0x69|0x00|0x7b|0x10|0x03|

Jandy     To 0x31 of type         iAq Poll | HEX: 0x10|0x02|0x31|0x30|0x73|0x10|0x03|
Jandy   From 0x31 of type              Ack | HEX: 0x10|0x02|0x00|0x01|0x00|0x13|0x26|0x10|0x03|

Jandy     To 0x31 of type     iAq pMessage | HEX: 0x10|0x02|0x31|0x25|0x02|0x50|0x4d|0x00|0x07|0x10|0x03|
Jandy   From 0x31 of type              Ack | HEX: 0x10|0x02|0x00|0x01|0x00|0x00|0x13|0x10|0x03|

Jandy     To 0x0a of type           Status | HEX: 0x10|0x02|0x0a|0x02|0x40|0x11|0x00|0x40|0x00|0xaf|0x10|0x03|
Jandy   From 0x0a of type              Ack | HEX: 0x10|0x02|0x00|0x01|0x80|0x00|0x93|0x10|0x03|

Jandy     To 0x48 of type           Status | HEX: 0x10|0x02|0x48|0x02|0x40|0x11|0x00|0x40|0x00|0xed|0x10|0x03|
Jandy   From 0x48 of type              Ack | HEX: 0x10|0x02|0x00|0x01|0x00|0x00|0x13|0x10|0x03|

Jandy     To 0x60 of type            Probe | HEX: 0x10|0x02|0x60|0x00|0x72|0x10|0x03|

Jandy     To 0x31 of type         iAq Poll | HEX: 0x10|0x02|0x31|0x30|0x73|0x10|0x03|
Jandy   From 0x31 of type              Ack | HEX: 0x10|0x02|0x00|0x01|0x00|0x80|0x93|0x10|0x03|

Jandy     To 0x31 of type   Unknown '0x31' | HEX: 0x10|0x02|0x31|0x31|0x01|0x75|0x10|0x03|
Jandy   From 0x31 of type      iAq pButton | HEX: 0x10|0x02|0x00|0x24|0x31|0x30|0x38|0x3a|0x31|0x35|0x00|0x30|0x32|0x00|0xcd|0xcd|0xcd|0xcd|0xcd|0xcd|0xcd|0x6c|0x10|0x03|

Jandy     To 0x31 of type      iAq pButton | HEX: 0x10|0x02|0x31|0x24|0x01|0x00|0x00|0x01|0x38|0x3a|0x31|0x35|0x20|0x50|0x4d|0x00|0x00|0xfe|0x10|0x03|
Jandy   From 0x31 of type              Ack | HEX: 0x10|0x02|0x00|0x01|0x00|0x00|0x13|0x10|0x03|

Jandy     To 0x0a of type           Status | HEX: 0x10|0x02|0x0a|0x02|0x40|0x11|0x00|0x40|0x00|0xaf|0x10|0x03|
Jandy   From 0x0a of type              Ack | HEX: 0x10|0x02|0x00|0x01|0x80|0x00|0x93|0x10|0x03|

Jandy     To 0x48 of type           Status | HEX: 0x10|0x02|0x48|0x02|0x40|0x11|0x00|0x40|0x00|0xed|0x10|0x03|
Jandy   From 0x48 of type              Ack | HEX: 0x10|0x02|0x00|0x01|0x00|0x00|0x13|0x10|0x03|

Jandy     To 0x6a of type            Probe | HEX: 0x10|0x02|0x6a|0x00|0x7c|0x10|0x03|

Jandy     To 0x31 of type         iAq Poll | HEX: 0x10|0x02|0x31|0x30|0x73|0x10|0x03|
Jandy   From 0x31 of type              Ack | HEX: 0x10|0x02|0x00|0x01|0x00|0x01|0x14|0x10|0x03|

Jandy     To 0x31 of type    iAq PageStart | HEX: 0x10|0x02|0x31|0x23|0x01|0x67|0x10|0x03|
Jandy   From 0x31 of type              Ack | HEX: 0x10|0x02|0x00|0x01|0x00|0x00|0x13|0x10|0x03|

Jandy     To 0x31 of type     iAq pMessage | HEX: 0x10|0x02|0x31|0x25|0x01|0x37|0x32|0xc2|0xba|0x00|0x4e|0x10|0x03|
Jandy   From 0x31 of type              Ack | HEX: 0x10|0x02|0x00|0x01|0x00|0x00|0x13|0x10|0x03|

Jandy     To 0x31 of type     iAq pMessage | HEX: 0x10|0x02|0x31|0x25|0x05|0x41|0x69|0x72|0x20|0x54|0x65|0x6d|0x70|0x00|0x3f|0x10|0x03|
Jandy   From 0x31 of type              Ack | HEX: 0x10|0x02|0x00|0x01|0x00|0x00|0x13|0x10|0x03|

Jandy     To 0x31 of type     iAq pMessage | HEX: 0x10|0x02|0x31|0x25|0x00|0x36|0x35|0xc2|0xba|0x00|0x4f|0x10|0x03|
Jandy   From 0x31 of type              Ack | HEX: 0x10|0x02|0x00|0x01|0x00|0x00|0x13|0x10|0x03|

Jandy     To 0x31 of type   Unknown '0x2d' | HEX: 0x10|0x02|0x31|0x2d|0x41|0x71|0x75|0x61|0x4c|0x69|0x6e|0x6b|0x20|0x54|0x6f|0x75|0x63|0x68|0x00|0xa9|0x10|0x03|
Jandy   From 0x31 of type              Ack | HEX: 0x10|0x02|0x00|0x01|0x00|0x00|0x13|0x10|0x03|

Jandy     To 0x31 of type      iAq PageEnd | HEX: 0x10|0x02|0x31|0x28|0x08|0x0f|0x14|0x14|0x0f|0xb9|0x10|0x03|
Jandy   From 0x31 of type              Ack | HEX: 0x10|0x02|0x00|0x01|0x00|0x00|0x13|0x10|0x03|

Jandy     To 0x31 of type      iAq PageEnd | HEX: 0x10|0x02|0x31|0x28|0x08|0x0f|0x14|0x14|0x0f|0xb9|0x10|0x03|
Jandy   From 0x31 of type              Ack | HEX: 0x10|0x02|0x00|0x01|0x00|0x00|0x13|0x10|0x03|

Jandy     To 0x0a of type           Status | HEX: 0x10|0x02|0x0a|0x02|0x40|0x11|0x00|0x40|0x00|0xaf|0x10|0x03|
Jandy   From 0x0a of type              Ack | HEX: 0x10|0x02|0x00|0x01|0x80|0x00|0x93|0x10|0x03|

Jandy     To 0x0a of type          Message | HEX: 0x10|0x02|0x0a|0x03|0x00|0x20|0x41|0x49|0x52|0x20|0x54|0x45|0x4d|0x50|0x20|0x37|0x32|0xdf|0x46|0x20|0x20|0x5f|0x10|0x03|  Message :  AIR TEMP 72F  
Jandy   From 0x0a of type              Ack | HEX: 0x10|0x02|0x00|0x01|0x80|0x00|0x93|0x10|0x03|

Jandy     To 0x48 of type           Status | HEX: 0x10|0x02|0x48|0x02|0x40|0x11|0x00|0x40|0x00|0xed|0x10|0x03|
Jandy   From 0x48 of type              Ack | HEX: 0x10|0x02|0x00|0x01|0x05|0x05|0x1d|0x10|0x03|

Jandy     To 0x48 of type   RSSA DevStatus | HEX: 0x10|0x02|0x48|0x13|0x05|0x00|0x3d|0x00|0xaf|0x10|0x03|
Jandy   From 0x48 of type              Ack | HEX: 0x10|0x02|0x00|0x01|0x00|0x00|0x13|0x10|0x03|

Jandy     To 0x60 of type            Probe | HEX: 0x10|0x02|0x60|0x00|0x72|0x10|0x03|

Jandy     To 0x31 of type         iAq Poll | HEX: 0x10|0x02|0x31|0x30|0x73|0x10|0x03|
Jandy   From 0x31 of type              Ack | HEX: 0x10|0x02|0x00|0x01|0x00|0x00|0x13|0x10|0x03|

Jandy     To 0x81 of type            Probe | HEX: 0x10|0x02|0x81|0x00|0x93|0x10|0x03|

Jandy     To 0x0a of type           Status | HEX: 0x10|0x02|0x0a|0x02|0x40|0x11|0x00|0x40|0x00|0xaf|0x10|0x03|
Jandy   From 0x0a of type              Ack | HEX: 0x10|0x02|0x00|0x01|0x80|0x00|0x93|0x10|0x03|

Jandy     To 0x48 of type           Status | HEX: 0x10|0x02|0x48|0x02|0x40|0x11|0x00|0x40|0x00|0xed|0x10|0x03|
Jandy   From 0x48 of type              Ack | HEX: 0x10|0x02|0x00|0x01|0x07|0x05|0x1f|0x10|0x03|

Jandy     To 0x48 of type   RSSA DevStatus | HEX: 0x10|0x02|0x48|0x13|0x07|0x00|0x5c|0x00|0xd0|0x10|0x03|
Jandy   From 0x48 of type              Ack | HEX: 0x10|0x02|0x00|0x01|0x00|0x00|0x13|0x10|0x03|

Jandy     To 0x6b of type            Probe | HEX: 0x10|0x02|0x6b|0x00|0x7d|0x10|0x03|

Jandy     To 0x31 of type         iAq Poll | HEX: 0x10|0x02|0x31|0x30|0x73|0x10|0x03|
Jandy   From 0x31 of type              Ack | HEX: 0x10|0x02|0x00|0x01|0x00|0x00|0x13|0x10|0x03|

Jandy     To 0x0a of type           Status | HEX: 0x10|0x02|0x0a|0x02|0x40|0x11|0x00|0x40|0x00|0xaf|0x10|0x03|
Jandy   From 0x0a of type              Ack | HEX: 0x10|0x02|0x00|0x01|0x80|0x00|0x93|0x10|0x03|

Jandy     To 0x48 of type           Status | HEX: 0x10|0x02|0x48|0x02|0x40|0x11|0x00|0x40|0x00|0xed|0x10|0x03|
Jandy   From 0x48 of type              Ack | HEX: 0x10|0x02|0x00|0x01|0x00|0x00|0x13|0x10|0x03|

Jandy     To 0x60 of type            Probe | HEX: 0x10|0x02|0x60|0x00|0x72|0x10|0x03|

Jandy     To 0x31 of type         iAq Poll | HEX: 0x10|0x02|0x31|0x30|0x73|0x10|0x03|
Jandy   From 0x31 of type              Ack | HEX: 0x10|0x02|0x00|0x01|0x00|0x00|0x13|0x10|0x03|
Debug:   RS Serial: 

Notice:  RS Serial: Jandy Control Panel Model   :  RS-6 Combo
Notice:  RS Serial: Jandy Control Panel Version :  REV QQ
Notice:  RS Serial: Jandy ID's found
Notice:  RS Serial: ID 0x40 is not used  <-- can use for Aqualinkd (Extended Device ID)
Notice:  RS Serial: ID 0x60 is not used  <-- can use for Aqualinkd (PDA mode only)
Notice:  RS Serial: ID 0x81 is not used 
Notice:  RS Serial: ID 0x41 is not used  <-- can use for Aqualinkd (Extended Device ID)
Notice:  RS Serial: ID 0x42 is not used  <-- can use for Aqualinkd (Extended Device ID)
Notice:  RS Serial: ID 0x43 is not used  <-- can use for Aqualinkd (Extended Device ID)
Notice:  RS Serial: ID 0x80 is not used 
Notice:  RS Serial: ID 0x10 is not used 
Notice:  RS Serial: ID 0x18 is not used 
Notice:  RS Serial: ID 0x20 is not used 
Notice:  RS Serial: ID 0x21 is not used 
Notice:  RS Serial: ID 0x22 is not used 
Notice:  RS Serial: ID 0x23 is not used 
Notice:  RS Serial: ID 0x28 is not used 
Notice:  RS Serial: ID 0x29 is not used 
Notice:  RS Serial: ID 0x2a is not used 
Notice:  RS Serial: ID 0x2b is not used 
Notice:  RS Serial: ID 0x31 is in use  <-- Aqualink (iAqualink / Touch)
Notice:  RS Serial: ID 0x32 is not used  <-- can use for Aqualinkd (Prefered Extended Device ID)
Notice:  RS Serial: ID 0x33 is not used  <-- can use for Aqualinkd (Prefered Extended Device ID)
Notice:  RS Serial: ID 0x38 is not used 
Notice:  RS Serial: ID 0x39 is not used 
Notice:  RS Serial: ID 0x3a is not used 
Notice:  RS Serial: ID 0x3b is not used 
Notice:  RS Serial: ID 0x48 is in use  <-- RS Serial Adapter
Notice:  RS Serial: ID 0x58 is not used 
Notice:  RS Serial: ID 0x68 is not used 
Notice:  RS Serial: ID 0x69 is not used 
Notice:  RS Serial: ID 0x6a is not used 
Notice:  RS Serial: ID 0x6b is not used 
Notice:  RS Serial: ID 0x70 is not used 
Notice:  RS Serial: ID 0x71 is not used 
Notice:  RS Serial: ID 0x72 is not used 
Notice:  RS Serial: ID 0x73 is not used 
Notice:  RS Serial: ID 0x08 is not used  <-- can use for Aqualinkd
Notice:  RS Serial: ID 0x09 is not used  <-- can use for Aqualinkd
Notice:  RS Serial: ID 0x0a is in use  <-- RS Keypad
Notice:  RS Serial: ID 0x0b is not used  <-- can use for Aqualinkd
Notice:  RS Serial: 

